This is pdfTeX, Version 3.14159265-2.6-1.40.16 (TeX Live 2015) (preloaded format=pdflatex 2015.5.24)  21 APR 2016 21:20
entering extended mode
 restricted \write18 enabled.
 %&-line parsing enabled.
**report.tex
(./report.tex
LaTeX2e <2015/01/01>
Babel <3.9l> and hyphenation patterns for 79 languages loaded.
(/usr/local/texlive/2015/texmf-dist/tex/latex/base/article.cls
Document Class: article 2014/09/29 v1.4h Standard LaTeX document class
(/usr/local/texlive/2015/texmf-dist/tex/latex/base/size10.clo
File: size10.clo 2014/09/29 v1.4h Standard LaTeX file (size option)
)
\c@part=\count79
\c@section=\count80
\c@subsection=\count81
\c@subsubsection=\count82
\c@paragraph=\count83
\c@subparagraph=\count84
\c@figure=\count85
\c@table=\count86
\abovecaptionskip=\skip41
\belowcaptionskip=\skip42
\bibindent=\dimen102
)
(/usr/local/texlive/2015/texmf-dist/tex/latex/amsmath/amsmath.sty
Package: amsmath 2013/01/14 v2.14 AMS math features
\@mathmargin=\skip43

For additional information on amsmath, use the `?' option.
(/usr/local/texlive/2015/texmf-dist/tex/latex/amsmath/amstext.sty
Package: amstext 2000/06/29 v2.01

(/usr/local/texlive/2015/texmf-dist/tex/latex/amsmath/amsgen.sty
File: amsgen.sty 1999/11/30 v2.0
\@emptytoks=\toks14
\ex@=\dimen103
))
(/usr/local/texlive/2015/texmf-dist/tex/latex/amsmath/amsbsy.sty
Package: amsbsy 1999/11/29 v1.2d
\pmbraise@=\dimen104
)
(/usr/local/texlive/2015/texmf-dist/tex/latex/amsmath/amsopn.sty
Package: amsopn 1999/12/14 v2.01 operator names
)
\inf@bad=\count87
LaTeX Info: Redefining \frac on input line 210.
\uproot@=\count88
\leftroot@=\count89
LaTeX Info: Redefining \overline on input line 306.
\classnum@=\count90
\DOTSCASE@=\count91
LaTeX Info: Redefining \ldots on input line 378.
LaTeX Info: Redefining \dots on input line 381.
LaTeX Info: Redefining \cdots on input line 466.
\Mathstrutbox@=\box26
\strutbox@=\box27
\big@size=\dimen105
LaTeX Font Info:    Redeclaring font encoding OML on input line 566.
LaTeX Font Info:    Redeclaring font encoding OMS on input line 567.
\macc@depth=\count92
\c@MaxMatrixCols=\count93
\dotsspace@=\muskip10
\c@parentequation=\count94
\dspbrk@lvl=\count95
\tag@help=\toks15
\row@=\count96
\column@=\count97
\maxfields@=\count98
\andhelp@=\toks16
\eqnshift@=\dimen106
\alignsep@=\dimen107
\tagshift@=\dimen108
\tagwidth@=\dimen109
\totwidth@=\dimen110
\lineht@=\dimen111
\@envbody=\toks17
\multlinegap=\skip44
\multlinetaggap=\skip45
\mathdisplay@stack=\toks18
LaTeX Info: Redefining \[ on input line 2665.
LaTeX Info: Redefining \] on input line 2666.
)
(/usr/local/texlive/2015/texmf-dist/tex/latex/hyperref/hyperref.sty
Package: hyperref 2012/11/06 v6.83m Hypertext links for LaTeX

(/usr/local/texlive/2015/texmf-dist/tex/generic/oberdiek/hobsub-hyperref.sty
Package: hobsub-hyperref 2012/05/28 v1.13 Bundle oberdiek, subset hyperref (HO)


(/usr/local/texlive/2015/texmf-dist/tex/generic/oberdiek/hobsub-generic.sty
Package: hobsub-generic 2012/05/28 v1.13 Bundle oberdiek, subset generic (HO)
Package: hobsub 2012/05/28 v1.13 Construct package bundles (HO)
Package: infwarerr 2010/04/08 v1.3 Providing info/warning/error messages (HO)
Package: ltxcmds 2011/11/09 v1.22 LaTeX kernel commands for general use (HO)
Package: ifluatex 2010/03/01 v1.3 Provides the ifluatex switch (HO)
Package ifluatex Info: LuaTeX not detected.
Package: ifvtex 2010/03/01 v1.5 Detect VTeX and its facilities (HO)
Package ifvtex Info: VTeX not detected.
Package: intcalc 2007/09/27 v1.1 Expandable calculations with integers (HO)
Package: ifpdf 2011/01/30 v2.3 Provides the ifpdf switch (HO)
Package ifpdf Info: pdfTeX in PDF mode is detected.
Package: etexcmds 2011/02/16 v1.5 Avoid name clashes with e-TeX commands (HO)
Package etexcmds Info: Could not find \expanded.
(etexcmds)             That can mean that you are not using pdfTeX 1.50 or
(etexcmds)             that some package has redefined \expanded.
(etexcmds)             In the latter case, load this package earlier.
Package: kvsetkeys 2012/04/25 v1.16 Key value parser (HO)
Package: kvdefinekeys 2011/04/07 v1.3 Define keys (HO)
Package: pdftexcmds 2011/11/29 v0.20 Utility functions of pdfTeX for LuaTeX (HO
)
Package pdftexcmds Info: LuaTeX not detected.
Package pdftexcmds Info: \pdf@primitive is available.
Package pdftexcmds Info: \pdf@ifprimitive is available.
Package pdftexcmds Info: \pdfdraftmode found.
Package: pdfescape 2011/11/25 v1.13 Implements pdfTeX's escape features (HO)
Package: bigintcalc 2012/04/08 v1.3 Expandable calculations on big integers (HO
)
Package: bitset 2011/01/30 v1.1 Handle bit-vector datatype (HO)
Package: uniquecounter 2011/01/30 v1.2 Provide unlimited unique counter (HO)
)
Package hobsub Info: Skipping package `hobsub' (already loaded).
Package: letltxmacro 2010/09/02 v1.4 Let assignment for LaTeX macros (HO)
Package: hopatch 2012/05/28 v1.2 Wrapper for package hooks (HO)
Package: xcolor-patch 2011/01/30 xcolor patch
Package: atveryend 2011/06/30 v1.8 Hooks at the very end of document (HO)
Package atveryend Info: \enddocument detected (standard20110627).
Package: atbegshi 2011/10/05 v1.16 At begin shipout hook (HO)
Package: refcount 2011/10/16 v3.4 Data extraction from label references (HO)
Package: hycolor 2011/01/30 v1.7 Color options for hyperref/bookmark (HO)
)
(/usr/local/texlive/2015/texmf-dist/tex/latex/graphics/keyval.sty
Package: keyval 2014/10/28 v1.15 key=value parser (DPC)
\KV@toks@=\toks19
)
(/usr/local/texlive/2015/texmf-dist/tex/generic/ifxetex/ifxetex.sty
Package: ifxetex 2010/09/12 v0.6 Provides ifxetex conditional
)
(/usr/local/texlive/2015/texmf-dist/tex/latex/oberdiek/auxhook.sty
Package: auxhook 2011/03/04 v1.3 Hooks for auxiliary files (HO)
)
(/usr/local/texlive/2015/texmf-dist/tex/latex/oberdiek/kvoptions.sty
Package: kvoptions 2011/06/30 v3.11 Key value format for package options (HO)
)
\@linkdim=\dimen112
\Hy@linkcounter=\count99
\Hy@pagecounter=\count100

(/usr/local/texlive/2015/texmf-dist/tex/latex/hyperref/pd1enc.def
File: pd1enc.def 2012/11/06 v6.83m Hyperref: PDFDocEncoding definition (HO)
)
\Hy@SavedSpaceFactor=\count101

(/usr/local/texlive/2015/texmf-dist/tex/latex/latexconfig/hyperref.cfg
File: hyperref.cfg 2002/06/06 v1.2 hyperref configuration of TeXLive
)
Package hyperref Info: Hyper figures OFF on input line 4443.
Package hyperref Info: Link nesting OFF on input line 4448.
Package hyperref Info: Hyper index ON on input line 4451.
Package hyperref Info: Plain pages OFF on input line 4458.
Package hyperref Info: Backreferencing OFF on input line 4463.
Package hyperref Info: Implicit mode ON; LaTeX internals redefined.
Package hyperref Info: Bookmarks ON on input line 4688.
\c@Hy@tempcnt=\count102

(/usr/local/texlive/2015/texmf-dist/tex/latex/url/url.sty
\Urlmuskip=\muskip11
Package: url 2013/09/16  ver 3.4  Verb mode for urls, etc.
)
LaTeX Info: Redefining \url on input line 5041.
\XeTeXLinkMargin=\dimen113
\Fld@menulength=\count103
\Field@Width=\dimen114
\Fld@charsize=\dimen115
Package hyperref Info: Hyper figures OFF on input line 6295.
Package hyperref Info: Link nesting OFF on input line 6300.
Package hyperref Info: Hyper index ON on input line 6303.
Package hyperref Info: backreferencing OFF on input line 6310.
Package hyperref Info: Link coloring OFF on input line 6315.
Package hyperref Info: Link coloring with OCG OFF on input line 6320.
Package hyperref Info: PDF/A mode OFF on input line 6325.
LaTeX Info: Redefining \ref on input line 6365.
LaTeX Info: Redefining \pageref on input line 6369.
\Hy@abspage=\count104
\c@Item=\count105
\c@Hfootnote=\count106
)

Package hyperref Message: Driver (autodetected): hpdftex.

(/usr/local/texlive/2015/texmf-dist/tex/latex/hyperref/hpdftex.def
File: hpdftex.def 2012/11/06 v6.83m Hyperref driver for pdfTeX
\Fld@listcount=\count107
\c@bookmark@seq@number=\count108

(/usr/local/texlive/2015/texmf-dist/tex/latex/oberdiek/rerunfilecheck.sty
Package: rerunfilecheck 2011/04/15 v1.7 Rerun checks for auxiliary files (HO)
Package uniquecounter Info: New unique counter `rerunfilecheck' on input line 2
82.
)
\Hy@SectionHShift=\skip46
)
(/usr/local/texlive/2015/texmf-dist/tex/latex/graphics/graphicx.sty
Package: graphicx 2014/10/28 v1.0g Enhanced LaTeX Graphics (DPC,SPQR)

(/usr/local/texlive/2015/texmf-dist/tex/latex/graphics/graphics.sty
Package: graphics 2014/10/28 v1.0p Standard LaTeX Graphics (DPC,SPQR)

(/usr/local/texlive/2015/texmf-dist/tex/latex/graphics/trig.sty
Package: trig 1999/03/16 v1.09 sin cos tan (DPC)
)
(/usr/local/texlive/2015/texmf-dist/tex/latex/latexconfig/graphics.cfg
File: graphics.cfg 2010/04/23 v1.9 graphics configuration of TeX Live
)
Package graphics Info: Driver file: pdftex.def on input line 94.

(/usr/local/texlive/2015/texmf-dist/tex/latex/pdftex-def/pdftex.def
File: pdftex.def 2011/05/27 v0.06d Graphics/color for pdfTeX
\Gread@gobject=\count109
))
\Gin@req@height=\dimen116
\Gin@req@width=\dimen117
)
(/usr/local/texlive/2015/texmf-dist/tex/latex/adjustbox/adjustbox.sty
Package: adjustbox 2012/05/21 v1.0 Adjusting TeX boxes (trim, clip, ...)

(/usr/local/texlive/2015/texmf-dist/tex/latex/xkeyval/xkeyval.sty
Package: xkeyval 2014/12/03 v2.7a package option processing (HA)

(/usr/local/texlive/2015/texmf-dist/tex/generic/xkeyval/xkeyval.tex
(/usr/local/texlive/2015/texmf-dist/tex/generic/xkeyval/xkvutils.tex
\XKV@toks=\toks20
\XKV@tempa@toks=\toks21
)
\XKV@depth=\count110
File: xkeyval.tex 2014/12/03 v2.7a key=value parser (HA)
))
(/usr/local/texlive/2015/texmf-dist/tex/latex/adjustbox/adjcalc.sty
Package: adjcalc 2012/05/16 v1.1 Provides advanced setlength with multiple back
-ends (calc, etex, pgfmath)
)
(/usr/local/texlive/2015/texmf-dist/tex/latex/adjustbox/trimclip.sty
Package: trimclip 2012/05/16 v1.0 Trim and clip general TeX material

(/usr/local/texlive/2015/texmf-dist/tex/latex/collectbox/collectbox.sty
Package: collectbox 2012/05/17 v0.4b Collect macro arguments as boxes
\collectedbox=\box28
)
\tc@llx=\dimen118
\tc@lly=\dimen119
\tc@urx=\dimen120
\tc@ury=\dimen121
Package trimclip Info: Using driver 'tc-pdftex.def'.

(/usr/local/texlive/2015/texmf-dist/tex/latex/adjustbox/tc-pdftex.def
File: tc-pdftex.def 2012/05/13 v1.0 Clipping driver for pdftex
))
\adjbox@Width=\dimen122
\adjbox@Height=\dimen123
\adjbox@Depth=\dimen124
\adjbox@Totalheight=\dimen125

(/usr/local/texlive/2015/texmf-dist/tex/latex/ifoddpage/ifoddpage.sty
Package: ifoddpage 2011/09/13 v1.0 Conditionals for odd/even page detection
\c@checkoddpage=\count111
)
(/usr/local/texlive/2015/texmf-dist/tex/latex/varwidth/varwidth.sty
Package: varwidth 2009/03/30 ver 0.92;  Variable-width minipages
\@vwid@box=\box29
\sift@deathcycles=\count112
\@vwid@loff=\dimen126
\@vwid@roff=\dimen127
))
(./report.aux)
\openout1 = `report.aux'.

LaTeX Font Info:    Checking defaults for OML/cmm/m/it on input line 8.
LaTeX Font Info:    ... okay on input line 8.
LaTeX Font Info:    Checking defaults for T1/cmr/m/n on input line 8.
LaTeX Font Info:    ... okay on input line 8.
LaTeX Font Info:    Checking defaults for OT1/cmr/m/n on input line 8.
LaTeX Font Info:    ... okay on input line 8.
LaTeX Font Info:    Checking defaults for OMS/cmsy/m/n on input line 8.
LaTeX Font Info:    ... okay on input line 8.
LaTeX Font Info:    Checking defaults for OMX/cmex/m/n on input line 8.
LaTeX Font Info:    ... okay on input line 8.
LaTeX Font Info:    Checking defaults for U/cmr/m/n on input line 8.
LaTeX Font Info:    ... okay on input line 8.
LaTeX Font Info:    Checking defaults for PD1/pdf/m/n on input line 8.
LaTeX Font Info:    ... okay on input line 8.
\AtBeginShipoutBox=\box30
Package hyperref Info: Link coloring OFF on input line 8.

(/usr/local/texlive/2015/texmf-dist/tex/latex/hyperref/nameref.sty
Package: nameref 2012/10/27 v2.43 Cross-referencing by name of section

(/usr/local/texlive/2015/texmf-dist/tex/generic/oberdiek/gettitlestring.sty
Package: gettitlestring 2010/12/03 v1.4 Cleanup title references (HO)
)
\c@section@level=\count113
)
LaTeX Info: Redefining \ref on input line 8.
LaTeX Info: Redefining \pageref on input line 8.
LaTeX Info: Redefining \nameref on input line 8.

(./report.out) (./report.out)
\@outlinefile=\write3
\openout3 = `report.out'.


(/usr/local/texlive/2015/texmf-dist/tex/context/base/supp-pdf.mkii
[Loading MPS to PDF converter (version 2006.09.02).]
\scratchcounter=\count114
\scratchdimen=\dimen128
\scratchbox=\box31
\nofMPsegments=\count115
\nofMParguments=\count116
\everyMPshowfont=\toks22
\MPscratchCnt=\count117
\MPscratchDim=\dimen129
\MPnumerator=\count118
\makeMPintoPDFobject=\count119
\everyMPtoPDFconversion=\toks23
) (/usr/local/texlive/2015/texmf-dist/tex/latex/oberdiek/epstopdf-base.sty
Package: epstopdf-base 2010/02/09 v2.5 Base part for package epstopdf

(/usr/local/texlive/2015/texmf-dist/tex/latex/oberdiek/grfext.sty
Package: grfext 2010/08/19 v1.1 Manage graphics extensions (HO)
)
Package grfext Info: Graphics extension search list:
(grfext)             [.png,.pdf,.jpg,.mps,.jpeg,.jbig2,.jb2,.PNG,.PDF,.JPG,.JPE
G,.JBIG2,.JB2,.eps]
(grfext)             \AppendGraphicsExtensions on input line 452.

(/usr/local/texlive/2015/texmf-dist/tex/latex/latexconfig/epstopdf-sys.cfg
File: epstopdf-sys.cfg 2010/07/13 v1.3 Configuration of (r)epstopdf for TeX Liv
e
))
[1

{/usr/local/texlive/2015/texmf-var/fonts/map/pdftex/updmap/pdftex.map}]
(./report.toc)
\tf@toc=\write4
\openout4 = `report.toc'.

 [2] <Q1b_1.png, id=121, 481.8pt x 481.8pt>
File: Q1b_1.png Graphic file (type png)
 <use Q1b_1.png>
Package pdftex.def Info: Q1b_1.png used on input line 30.
(pdftex.def)             Requested size: 207.0021pt x 207.00087pt.

<Q1b_2.png, id=122, 481.8pt x 481.8pt>
File: Q1b_2.png Graphic file (type png)
 <use Q1b_2.png>
Package pdftex.def Info: Q1b_2.png used on input line 37.
(pdftex.def)             Requested size: 207.0021pt x 207.00087pt.

Underfull \hbox (badness 10000) in paragraph at lines 27--43

 []


Underfull \hbox (badness 10000) in paragraph at lines 27--43

 []

[3 <./Q1b_1.png>]
Underfull \hbox (badness 10000) in paragraph at lines 45--50

 []


Underfull \hbox (badness 10000) in paragraph at lines 45--50

 []

<Q1d_1_100.png, id=135, 481.8pt x 481.8pt>
File: Q1d_1_100.png Graphic file (type png)
 <use Q1d_1_100.png>
Package pdftex.def Info: Q1d_1_100.png used on input line 55.
(pdftex.def)             Requested size: 207.0021pt x 207.00087pt.
 [4 <./Q1b_2.png>] <Q1d_2_100.png, id=142, 481.8pt x 481.8pt>
File: Q1d_2_100.png Graphic file (type png)
 <use Q1d_2_100.png>
Package pdftex.def Info: Q1d_2_100.png used on input line 62.
(pdftex.def)             Requested size: 207.0021pt x 207.00087pt.

<Q1d_1_10000.png, id=145, 481.8pt x 481.8pt>
File: Q1d_1_10000.png Graphic file (type png)
 <use Q1d_1_10000.png>
Package pdftex.def Info: Q1d_1_10000.png used on input line 69.
(pdftex.def)             Requested size: 207.0021pt x 207.00087pt.

<Q1d_2_10000.png, id=146, 481.8pt x 481.8pt>
File: Q1d_2_10000.png Graphic file (type png)
 <use Q1d_2_10000.png>
Package pdftex.def Info: Q1d_2_10000.png used on input line 76.
(pdftex.def)             Requested size: 207.0021pt x 207.00087pt.

Underfull \hbox (badness 10000) in paragraph at lines 66--101

 []


Underfull \hbox (badness 10000) in paragraph at lines 66--101

 []


Underfull \hbox (badness 10000) in paragraph at lines 66--101

 []


Underfull \hbox (badness 10000) in paragraph at lines 66--101

 []

[5 <./Q1d_1_100.png>] [6 <./Q1d_2_100.png> <./Q1d_1_10000.png>]
Underfull \hbox (badness 10000) in paragraph at lines 103--104

 []

<Q1e.png, id=169, 481.8pt x 481.8pt>
File: Q1e.png Graphic file (type png)
 <use Q1e.png>
Package pdftex.def Info: Q1e.png used on input line 107.
(pdftex.def)             Requested size: 207.0021pt x 207.00087pt.

<Q1a_1.png, id=170, 481.8pt x 481.8pt>
File: Q1a_1.png Graphic file (type png)
 <use Q1a_1.png>
Package pdftex.def Info: Q1a_1.png used on input line 114.
(pdftex.def)             Requested size: 207.0021pt x 207.00087pt.
Missing character: There is no ‚ in font cmr7!
Missing character: There is no à in font cmr7!
Missing character: There is no í in font cmr7!
 [7 <./Q1d_2_10000.png>]
[8 <./Q1e.png> <./Q1a_1.png>] <Q2b_1.png, id=187, 481.8pt x 481.8pt>
File: Q2b_1.png Graphic file (type png)

<use Q2b_1.png>
Package pdftex.def Info: Q2b_1.png used on input line 132.
(pdftex.def)             Requested size: 207.0021pt x 207.00087pt.
 <Q2b_2.png, id=188, 481.8pt x 481.8pt>
File: Q2b_2.png Graphic file (type png)
 <use Q2b_2.png>
Package pdftex.def Info: Q2b_2.png used on input line 139.
(pdftex.def)             Requested size: 207.0021pt x 207.00087pt.

Underfull \hbox (badness 10000) in paragraph at lines 129--145

 []


Underfull \hbox (badness 10000) in paragraph at lines 129--145

 []

Missing character: There is no ‚ in font cmr10!
Missing character: There is no Ä in font cmr10!
Missing character: There is no ù in font cmr10!
Missing character: There is no ‚ in font cmr10!
Missing character: There is no Ä in font cmr10!
Missing character: There is no ù in font cmr10!

Underfull \hbox (badness 10000) in paragraph at lines 148--153

 []


Underfull \hbox (badness 10000) in paragraph at lines 148--153

 []


Underfull \hbox (badness 10000) in paragraph at lines 148--153

 []

[9 <./Q2b_1.png>] <Q2d_1_100.png, id=198, 481.8pt x 481.8pt>
File: Q2d_1_100.png Graphic file (type png)

<use Q2d_1_100.png>
Package pdftex.def Info: Q2d_1_100.png used on input line 158.
(pdftex.def)             Requested size: 207.0021pt x 207.00087pt.
 <Q2d_2_100.png, id=199, 481.8pt x 481.8pt>
File: Q2d_2_100.png Graphic file (type png)

<use Q2d_2_100.png>
Package pdftex.def Info: Q2d_2_100.png used on input line 165.
(pdftex.def)             Requested size: 207.0021pt x 207.00087pt.
 <Q2d_1_10000.png, id=202, 481.8pt x 481.8pt>
File: Q2d_1_10000.png Graphic file (type png)

<use Q2d_1_10000.png>
Package pdftex.def Info: Q2d_1_10000.png used on input line 173.
(pdftex.def)             Requested size: 207.0021pt x 207.00087pt.
 <Q2d_2_10000.png, id=203, 481.8pt x 481.8pt>
File: Q2d_2_10000.png Graphic file (type png)

<use Q2d_2_10000.png>
Package pdftex.def Info: Q2d_2_10000.png used on input line 180.
(pdftex.def)             Requested size: 207.0021pt x 207.00087pt.

Underfull \hbox (badness 10000) in paragraph at lines 155--203

 []


Underfull \hbox (badness 10000) in paragraph at lines 155--203

 []


Underfull \hbox (badness 10000) in paragraph at lines 155--203

 []


Underfull \hbox (badness 10000) in paragraph at lines 155--203

 []


Underfull \hbox (badness 10000) in paragraph at lines 155--203

 []


Underfull \hbox (badness 10000) in paragraph at lines 155--203

 []

[10 <./Q2b_2.png>] [11 <./Q2d_1_100.png> <./Q2d_2_100.png>] [12 <./Q2d_1_10000.
png>] <Q2e_1.png, id=230, 481.8pt x 481.8pt>
File: Q2e_1.png Graphic file (type png)
 <use Q2e_1.png>
Package pdftex.def Info: Q2e_1.png used on input line 208.
(pdftex.def)             Requested size: 207.0021pt x 207.00087pt.

<Q2a_1.png, id=231, 481.8pt x 481.8pt>
File: Q2a_1.png Graphic file (type png)
 <use Q2a_1.png>
Package pdftex.def Info: Q2a_1.png used on input line 215.
(pdftex.def)             Requested size: 207.0021pt x 207.00087pt.
 [13 <./Q2d_2_10000.png>] [14 <./Q2e_1.png> <./Q2a_1.png>] <p3_1.png, id=246, 4
81.8pt x 481.8pt>
File: p3_1.png Graphic file (type png)

<use p3_1.png>
Package pdftex.def Info: p3_1.png used on input line 230.
(pdftex.def)             Requested size: 207.0021pt x 207.00087pt.
 <p3_2.png, id=248, 455.7025pt x 398.48875pt>
File: p3_2.png Graphic file (type png)
 <use p3_2.png>
Package pdftex.def Info: p3_2.png used on input line 236.
(pdftex.def)             Requested size: 207.0021pt x 181.01472pt.

Underfull \hbox (badness 10000) in paragraph at lines 241--246

 []

<p3_3.png, id=252, 481.8pt x 481.8pt>
File: p3_3.png Graphic file (type png)
 <use p3_3.png>
Package pdftex.def Info: p3_3.png used on input line 249.
(pdftex.def)             Requested size: 207.0021pt x 207.00087pt.

<p3_4.png, id=253, 455.7025pt x 398.48875pt>
File: p3_4.png Graphic file (type png)
 <use p3_4.png>
Package pdftex.def Info: p3_4.png used on input line 255.
(pdftex.def)             Requested size: 207.0021pt x 181.01472pt.

<p3_7.png, id=254, 481.8pt x 481.8pt>
File: p3_7.png Graphic file (type png)
 <use p3_7.png>
Package pdftex.def Info: p3_7.png used on input line 261.
(pdftex.def)             Requested size: 207.0021pt x 207.00087pt.

<p3_8.png, id=255, 455.7025pt x 398.48875pt>
File: p3_8.png Graphic file (type png)
 <use p3_8.png>
Package pdftex.def Info: p3_8.png used on input line 267.
(pdftex.def)             Requested size: 207.0021pt x 181.01472pt.

<p3_5.png, id=258, 481.8pt x 481.8pt>
File: p3_5.png Graphic file (type png)
 <use p3_5.png>
Package pdftex.def Info: p3_5.png used on input line 275.
(pdftex.def)             Requested size: 207.0021pt x 207.00087pt.
 [15 <./p3_1.png>] [16 <./p3_2.png> <./p3_3.png>] [17 <./p3_4.png> <./p3_7.png>
]
<p3_6.png, id=281, 455.7025pt x 398.48875pt>
File: p3_6.png Graphic file (type png)
 <use p3_6.png>
Package pdftex.def Info: p3_6.png used on input line 282.
(pdftex.def)             Requested size: 207.0021pt x 181.01472pt.
 [18 <./p3_8.png>]
[19 <./p3_5.png> <./p3_6.png>] <p4_a.png, id=298, 481.8pt x 481.8pt>
File: p4_a.png Graphic file (type png)

<use p4_a.png>
Package pdftex.def Info: p4_a.png used on input line 292.
(pdftex.def)             Requested size: 207.0021pt x 207.00087pt.
 <p4_b.png, id=300, 481.8pt x 481.8pt>
File: p4_b.png Graphic file (type png)
 <use p4_b.png>
Package pdftex.def Info: p4_b.png used on input line 300.
(pdftex.def)             Requested size: 207.0021pt x 207.00087pt.

<p4_compare.png, id=302, 481.8pt x 481.8pt>
File: p4_compare.png Graphic file (type png)
 <use p4_compare.png>
Package pdftex.def Info: p4_compare.png used on input line 308.
(pdftex.def)             Requested size: 207.0021pt x 207.00087pt.
 [20 <./p4_a.png>] [21 <./p4_b.png> <./p4_compare.png>]
Package atveryend Info: Empty hook `BeforeClearDocument' on input line 319.
 [22]
Package atveryend Info: Empty hook `AfterLastShipout' on input line 319.
 (./report.aux)
Package atveryend Info: Executing hook `AtVeryEndDocument' on input line 319.
Package atveryend Info: Executing hook `AtEndAfterFileList' on input line 319.
Package rerunfilecheck Info: File `report.out' has not changed.
(rerunfilecheck)             Checksum: D4ECE09BE9249E096DC76A5E7021073A;1065.


LaTeX Warning: Label(s) may have changed. Rerun to get cross-references right.

Package atveryend Info: Empty hook `AtVeryVeryEnd' on input line 319.
 ) 
Here is how much of TeX's memory you used:
 6625 strings out of 493089
 97055 string characters out of 6134842
 188114 words of memory out of 5000000
 9946 multiletter control sequences out of 15000+600000
 9023 words of font info for 33 fonts, out of 8000000 for 9000
 1141 hyphenation exceptions out of 8191
 30i,14n,35p,637b,346s stack positions out of 5000i,500n,10000p,200000b,80000s
</usr/local/texlive/2015/texmf-dist/fonts/type1/public/amsfonts/cm/cmbx10.pfb
></usr/local/texlive/2015/texmf-dist/fonts/type1/public/amsfonts/cm/cmbx12.pfb>
</usr/local/texlive/2015/texmf-dist/fonts/type1/public/amsfonts/cm/cmex10.pfb><
/usr/local/texlive/2015/texmf-dist/fonts/type1/public/amsfonts/cm/cmmi10.pfb></
usr/local/texlive/2015/texmf-dist/fonts/type1/public/amsfonts/cm/cmmi5.pfb></us
r/local/texlive/2015/texmf-dist/fonts/type1/public/amsfonts/cm/cmmi7.pfb></usr/
local/texlive/2015/texmf-dist/fonts/type1/public/amsfonts/cm/cmr10.pfb></usr/lo
cal/texlive/2015/texmf-dist/fonts/type1/public/amsfonts/cm/cmr12.pfb></usr/loca
l/texlive/2015/texmf-dist/fonts/type1/public/amsfonts/cm/cmr17.pfb></usr/local/
texlive/2015/texmf-dist/fonts/type1/public/amsfonts/cm/cmr7.pfb></usr/local/tex
live/2015/texmf-dist/fonts/type1/public/amsfonts/cm/cmsy10.pfb></usr/local/texl
ive/2015/texmf-dist/fonts/type1/public/amsfonts/cm/cmsy7.pfb>
Output written on report.pdf (22 pages, 506545 bytes).
PDF statistics:
 383 PDF objects out of 1000 (max. 8388607)
 290 compressed objects within 3 object streams
 73 named destinations out of 1000 (max. 500000)
 296 words of extra memory for PDF output out of 10000 (max. 10000000)

