<<<<<<< HEAD
\BOOKMARK [1][-]{section.1}{Problem 1}{}% 1
\BOOKMARK [1][-]{section.2}{Problem 2}{}% 2
\BOOKMARK [1][-]{section.3}{Problem 3}{}% 3
\BOOKMARK [1][-]{section.4}{Problem 4}{}% 4
\BOOKMARK [1][-]{section.5}{Problem 5}{}% 5
\BOOKMARK [1][-]{section.6}{Problem 6}{}% 6
\BOOKMARK [2][-]{subsection.6.1}{Clustering Coefficient}{section.6}% 7
\BOOKMARK [3][-]{subsubsection.6.1.1}{Global Clustering Coefficient}{subsection.6.1}% 8
\BOOKMARK [3][-]{subsubsection.6.1.2}{Local Clustering Coefficient}{subsection.6.1}% 9
\BOOKMARK [3][-]{subsubsection.6.1.3}{Network average clustering coefficient}{subsection.6.1}% 10
\BOOKMARK [2][-]{subsection.6.2}{Density}{section.6}% 11
\BOOKMARK [2][-]{subsection.6.3}{Resutls}{section.6}% 12
\BOOKMARK [1][-]{section.7}{Problem 7}{}% 13
=======
\BOOKMARK [1][-]{section.1}{Problem\0403}{}% 1
\BOOKMARK [1][-]{section.2}{Problem\0404}{}% 2
\BOOKMARK [1][-]{section.3}{Problem\0406}{}% 3
\BOOKMARK [2][-]{subsection.3.1}{Clustering\040Coefficient}{section.3}% 4
\BOOKMARK [3][-]{subsubsection.3.1.1}{Global\040Clustering\040Coefficient}{subsection.3.1}% 5
\BOOKMARK [3][-]{subsubsection.3.1.2}{Local\040Clustering\040Coefficient}{subsection.3.1}% 6
\BOOKMARK [3][-]{subsubsection.3.1.3}{Network\040average\040clustering\040coefficient}{subsection.3.1}% 7
\BOOKMARK [2][-]{subsection.3.2}{Density}{section.3}% 8
\BOOKMARK [2][-]{subsection.3.3}{Resutls}{section.3}% 9
\BOOKMARK [1][-]{section.4}{Problem\0407}{}% 10
>>>>>>> origin/master
