<<<<<<< HEAD
This is pdfTeX, Version 3.14159265-2.6-1.40.16 (TeX Live 2015) (preloaded format=pdflatex 2015.5.24)  16 MAY 2016 20:33
=======
This is XeTeX, Version 3.14159265-2.6-0.99991 (TeX Live 2014) (preloaded format=xelatex 2015.10.13)  16 MAY 2016 10:36
>>>>>>> origin/master
entering extended mode
 restricted \write18 enabled.
 %&-line parsing enabled.
**report.tex
(./report.tex
LaTeX2e <2014/05/01>
Babel <3.9k> and hyphenation patterns for 78 languages loaded.
(/usr/local/texlive/2014/texmf-dist/tex/latex/base/article.cls
Document Class: article 2007/10/19 v1.4h Standard LaTeX document class
(/usr/local/texlive/2014/texmf-dist/tex/latex/base/size10.clo
File: size10.clo 2007/10/19 v1.4h Standard LaTeX file (size option)
)
\c@part=\count80
\c@section=\count81
\c@subsection=\count82
\c@subsubsection=\count83
\c@paragraph=\count84
\c@subparagraph=\count85
\c@figure=\count86
\c@table=\count87
\abovecaptionskip=\skip41
\belowcaptionskip=\skip42
\bibindent=\dimen102
)
(/usr/local/texlive/2014/texmf-dist/tex/latex/amsmath/amsmath.sty
Package: amsmath 2013/01/14 v2.14 AMS math features
\@mathmargin=\skip43

For additional information on amsmath, use the `?' option.
(/usr/local/texlive/2014/texmf-dist/tex/latex/amsmath/amstext.sty
Package: amstext 2000/06/29 v2.01

(/usr/local/texlive/2014/texmf-dist/tex/latex/amsmath/amsgen.sty
File: amsgen.sty 1999/11/30 v2.0
\@emptytoks=\toks14
\ex@=\dimen103
))
(/usr/local/texlive/2014/texmf-dist/tex/latex/amsmath/amsbsy.sty
Package: amsbsy 1999/11/29 v1.2d
\pmbraise@=\dimen104
)
(/usr/local/texlive/2014/texmf-dist/tex/latex/amsmath/amsopn.sty
Package: amsopn 1999/12/14 v2.01 operator names
)
\inf@bad=\count88
LaTeX Info: Redefining \frac on input line 210.
\uproot@=\count89
\leftroot@=\count90
LaTeX Info: Redefining \overline on input line 306.
\classnum@=\count91
\DOTSCASE@=\count92
LaTeX Info: Redefining \ldots on input line 378.
LaTeX Info: Redefining \dots on input line 381.
LaTeX Info: Redefining \cdots on input line 466.
\Mathstrutbox@=\box26
\strutbox@=\box27
\big@size=\dimen105
LaTeX Font Info:    Redeclaring font encoding OML on input line 566.
LaTeX Font Info:    Redeclaring font encoding OMS on input line 567.
\macc@depth=\count93
\c@MaxMatrixCols=\count94
\dotsspace@=\muskip10
\c@parentequation=\count95
\dspbrk@lvl=\count96
\tag@help=\toks15
\row@=\count97
\column@=\count98
\maxfields@=\count99
\andhelp@=\toks16
\eqnshift@=\dimen106
\alignsep@=\dimen107
\tagshift@=\dimen108
\tagwidth@=\dimen109
\totwidth@=\dimen110
\lineht@=\dimen111
\@envbody=\toks17
\multlinegap=\skip44
\multlinetaggap=\skip45
\mathdisplay@stack=\toks18
LaTeX Info: Redefining \[ on input line 2665.
LaTeX Info: Redefining \] on input line 2666.
)
(/usr/local/texlive/2014/texmf-dist/tex/latex/hyperref/hyperref.sty
Package: hyperref 2012/11/06 v6.83m Hypertext links for LaTeX

(/usr/local/texlive/2014/texmf-dist/tex/generic/oberdiek/hobsub-hyperref.sty
Package: hobsub-hyperref 2012/05/28 v1.13 Bundle oberdiek, subset hyperref (HO)


(/usr/local/texlive/2014/texmf-dist/tex/generic/oberdiek/hobsub-generic.sty
Package: hobsub-generic 2012/05/28 v1.13 Bundle oberdiek, subset generic (HO)
Package: hobsub 2012/05/28 v1.13 Construct package bundles (HO)
Package: infwarerr 2010/04/08 v1.3 Providing info/warning/error messages (HO)
Package: ltxcmds 2011/11/09 v1.22 LaTeX kernel commands for general use (HO)
Package: ifluatex 2010/03/01 v1.3 Provides the ifluatex switch (HO)
Package ifluatex Info: LuaTeX not detected.
Package: ifvtex 2010/03/01 v1.5 Detect VTeX and its facilities (HO)
Package ifvtex Info: VTeX not detected.
Package: intcalc 2007/09/27 v1.1 Expandable calculations with integers (HO)
Package: ifpdf 2011/01/30 v2.3 Provides the ifpdf switch (HO)
Package ifpdf Info: pdfTeX in PDF mode is not detected.
Package: etexcmds 2011/02/16 v1.5 Avoid name clashes with e-TeX commands (HO)
Package etexcmds Info: Could not find \expanded.
(etexcmds)             That can mean that you are not using pdfTeX 1.50 or
(etexcmds)             that some package has redefined \expanded.
(etexcmds)             In the latter case, load this package earlier.
Package: kvsetkeys 2012/04/25 v1.16 Key value parser (HO)
Package: kvdefinekeys 2011/04/07 v1.3 Define keys (HO)
Package: pdftexcmds 2011/11/29 v0.20 Utility functions of pdfTeX for LuaTeX (HO
)
Package pdftexcmds Info: LuaTeX not detected.
Package pdftexcmds Info: pdfTeX >= 1.30 not detected.
Package pdftexcmds Info: \pdf@primitive is available.
Package pdftexcmds Info: \pdf@ifprimitive is available.
Package pdftexcmds Info: \pdfdraftmode not found.
Package: pdfescape 2011/11/25 v1.13 Implements pdfTeX's escape features (HO)
Package: bigintcalc 2012/04/08 v1.3 Expandable calculations on big integers (HO
)
Package: bitset 2011/01/30 v1.1 Handle bit-vector datatype (HO)
Package: uniquecounter 2011/01/30 v1.2 Provide unlimited unique counter (HO)
)
Package hobsub Info: Skipping package `hobsub' (already loaded).
Package: letltxmacro 2010/09/02 v1.4 Let assignment for LaTeX macros (HO)
Package: hopatch 2012/05/28 v1.2 Wrapper for package hooks (HO)
Package: xcolor-patch 2011/01/30 xcolor patch
Package: atveryend 2011/06/30 v1.8 Hooks at the very end of document (HO)
Package atveryend Info: \enddocument detected (standard20110627).
Package: atbegshi 2011/10/05 v1.16 At begin shipout hook (HO)
Package: refcount 2011/10/16 v3.4 Data extraction from label references (HO)
Package: hycolor 2011/01/30 v1.7 Color options for hyperref/bookmark (HO)
)
(/usr/local/texlive/2014/texmf-dist/tex/latex/graphics/keyval.sty
Package: keyval 2014/05/08 v1.15 key=value parser (DPC)
\KV@toks@=\toks19
)
(/usr/local/texlive/2014/texmf-dist/tex/generic/ifxetex/ifxetex.sty
Package: ifxetex 2010/09/12 v0.6 Provides ifxetex conditional
)
(/usr/local/texlive/2014/texmf-dist/tex/latex/oberdiek/auxhook.sty
Package: auxhook 2011/03/04 v1.3 Hooks for auxiliary files (HO)
)
(/usr/local/texlive/2014/texmf-dist/tex/latex/oberdiek/kvoptions.sty
Package: kvoptions 2011/06/30 v3.11 Key value format for package options (HO)
)
\@linkdim=\dimen112
\Hy@linkcounter=\count100
\Hy@pagecounter=\count101

(/usr/local/texlive/2014/texmf-dist/tex/latex/hyperref/pd1enc.def
File: pd1enc.def 2012/11/06 v6.83m Hyperref: PDFDocEncoding definition (HO)
)
\Hy@SavedSpaceFactor=\count102

(/usr/local/texlive/2014/texmf-dist/tex/latex/latexconfig/hyperref.cfg
File: hyperref.cfg 2002/06/06 v1.2 hyperref configuration of TeXLive
)
Package hyperref Info: Hyper figures OFF on input line 4443.
Package hyperref Info: Link nesting OFF on input line 4448.
Package hyperref Info: Hyper index ON on input line 4451.
Package hyperref Info: Plain pages OFF on input line 4458.
Package hyperref Info: Backreferencing OFF on input line 4463.
Package hyperref Info: Implicit mode ON; LaTeX internals redefined.
Package hyperref Info: Bookmarks ON on input line 4688.
\c@Hy@tempcnt=\count103

(/usr/local/texlive/2014/texmf-dist/tex/latex/url/url.sty
\Urlmuskip=\muskip11
Package: url 2013/09/16  ver 3.4  Verb mode for urls, etc.
)
LaTeX Info: Redefining \url on input line 5041.
\XeTeXLinkMargin=\dimen113
\Fld@menulength=\count104
\Field@Width=\dimen114
\Fld@charsize=\dimen115
Package hyperref Info: Hyper figures OFF on input line 6295.
Package hyperref Info: Link nesting OFF on input line 6300.
Package hyperref Info: Hyper index ON on input line 6303.
Package hyperref Info: backreferencing OFF on input line 6310.
Package hyperref Info: Link coloring OFF on input line 6315.
Package hyperref Info: Link coloring with OCG OFF on input line 6320.
Package hyperref Info: PDF/A mode OFF on input line 6325.
LaTeX Info: Redefining \ref on input line 6365.
LaTeX Info: Redefining \pageref on input line 6369.
\Hy@abspage=\count105
\c@Item=\count106
\c@Hfootnote=\count107
)

Package hyperref Message: Driver (autodetected): hxetex.

(/usr/local/texlive/2014/texmf-dist/tex/latex/hyperref/hxetex.def
File: hxetex.def 2012/11/06 v6.83m Hyperref driver for XeTeX

(/usr/local/texlive/2014/texmf-dist/tex/latex/hyperref/puenc.def
File: puenc.def 2012/11/06 v6.83m Hyperref: PDF Unicode definition (HO)
)
(/usr/local/texlive/2014/texmf-dist/tex/generic/oberdiek/stringenc.sty
Package: stringenc 2011/12/02 v1.10 Convert strings between diff. encodings (HO
)
)
\pdfm@box=\box28
\c@Hy@AnnotLevel=\count108
\HyField@AnnotCount=\count109
\Fld@listcount=\count110
\c@bookmark@seq@number=\count111

(/usr/local/texlive/2014/texmf-dist/tex/latex/oberdiek/rerunfilecheck.sty
Package: rerunfilecheck 2011/04/15 v1.7 Rerun checks for auxiliary files (HO)
Package rerunfilecheck Info: Feature \pdfmdfivesum is not available
(rerunfilecheck)             (e.g. pdfTeX or LuaTeX with package `pdftexcmds').

(rerunfilecheck)             Therefore file contents cannot be checked efficien
tly
(rerunfilecheck)             and the loading of the package is aborted.
)
\Hy@SectionHShift=\skip46
)
(/usr/local/texlive/2014/texmf-dist/tex/latex/graphics/graphicx.sty
Package: graphicx 2014/04/25 v1.0g Enhanced LaTeX Graphics (DPC,SPQR)

(/usr/local/texlive/2014/texmf-dist/tex/latex/graphics/graphics.sty
Package: graphics 2009/02/05 v1.0o Standard LaTeX Graphics (DPC,SPQR)

(/usr/local/texlive/2014/texmf-dist/tex/latex/graphics/trig.sty
Package: trig 1999/03/16 v1.09 sin cos tan (DPC)
)
(/usr/local/texlive/2014/texmf-dist/tex/latex/latexconfig/graphics.cfg
File: graphics.cfg 2010/04/23 v1.9 graphics configuration of TeX Live
)
Package graphics Info: Driver file: xetex.def on input line 91.

(/usr/local/texlive/2014/texmf-dist/tex/xelatex/xetex-def/xetex.def
File: xetex.def 2014/04/28 v4.01 LaTeX color/graphics driver for XeTeX (RRM/JK)

))
\Gin@req@height=\dimen116
\Gin@req@width=\dimen117
)
(/usr/local/texlive/2014/texmf-dist/tex/latex/adjustbox/adjustbox.sty
Package: adjustbox 2012/05/21 v1.0 Adjusting TeX boxes (trim, clip, ...)

(/usr/local/texlive/2014/texmf-dist/tex/latex/xkeyval/xkeyval.sty
Package: xkeyval 2014/05/09 v2.6d package option processing (HA)

(/usr/local/texlive/2014/texmf-dist/tex/generic/xkeyval/xkeyval.tex
\XKV@toks=\toks20
\XKV@tempa@toks=\toks21
\XKV@depth=\count112
File: xkeyval.tex 2014/05/09 v2.6d key=value parser (HA)
))
(/usr/local/texlive/2014/texmf-dist/tex/latex/adjustbox/adjcalc.sty
Package: adjcalc 2012/05/16 v1.1 Provides advanced setlength with multiple back
-ends (calc, etex, pgfmath)
)
(/usr/local/texlive/2014/texmf-dist/tex/latex/adjustbox/trimclip.sty
Package: trimclip 2012/05/16 v1.0 Trim and clip general TeX material

(/usr/local/texlive/2014/texmf-dist/tex/latex/collectbox/collectbox.sty
Package: collectbox 2012/05/17 v0.4b Collect macro arguments as boxes
\collectedbox=\box29
)
\tc@llx=\dimen118
\tc@lly=\dimen119
\tc@urx=\dimen120
\tc@ury=\dimen121
Package trimclip Info: Using driver 'tc-xetex.def'.

(/usr/local/texlive/2014/texmf-dist/tex/latex/adjustbox/tc-xetex.def
File: tc-xetex.def 2012/05/13 v1.0 Clipping driver for xetex
))
\adjbox@Width=\dimen122
\adjbox@Height=\dimen123
\adjbox@Depth=\dimen124
\adjbox@Totalheight=\dimen125

(/usr/local/texlive/2014/texmf-dist/tex/latex/ifoddpage/ifoddpage.sty
Package: ifoddpage 2011/09/13 v1.0 Conditionals for odd/even page detection
\c@checkoddpage=\count113
)
(/usr/local/texlive/2014/texmf-dist/tex/latex/varwidth/varwidth.sty
Package: varwidth 2009/03/30 ver 0.92;  Variable-width minipages
\@vwid@box=\box30
\sift@deathcycles=\count114
\@vwid@loff=\dimen126
\@vwid@roff=\dimen127
))
(/usr/local/texlive/2014/texmf-dist/tex/latex/caption/caption.sty
Package: caption 2013/05/02 v3.3-89 Customizing captions (AR)

(/usr/local/texlive/2014/texmf-dist/tex/latex/caption/caption3.sty
Package: caption3 2013/05/02 v1.6-88 caption3 kernel (AR)
Package caption3 Info: TeX engine: e-TeX on input line 57.
\captionmargin=\dimen128
\captionmargin@=\dimen129
\captionwidth=\dimen130
\caption@tempdima=\dimen131
\caption@indent=\dimen132
\caption@parindent=\dimen133
\caption@hangindent=\dimen134
)
\c@ContinuedFloat=\count115
Package caption Info: hyperref package is loaded.
)
(/usr/local/texlive/2014/texmf-dist/tex/latex/subfigure/subfigure.sty
Package: subfigure 2002/03/15 v2.1.5 subfigure package
\subfigtopskip=\skip47
\subfigcapskip=\skip48
\subfigcaptopadj=\dimen135
\subfigbottomskip=\skip49
\subfigcapmargin=\dimen136
\subfiglabelskip=\skip50
\c@subfigure=\count116
\c@lofdepth=\count117
\c@subtable=\count118
\c@lotdepth=\count119

****************************************
* Local config file subfigure.cfg used *
****************************************
(/usr/local/texlive/2014/texmf-dist/tex/latex/subfigure/subfigure.cfg)
\subfig@top=\skip51
\subfig@bottom=\skip52
)
(./report.aux

LaTeX Warning: Label `fig:p5_12' multiply defined.

)
\openout1 = `report.aux'.

LaTeX Font Info:    Checking defaults for OML/cmm/m/it on input line 9.
LaTeX Font Info:    ... okay on input line 9.
LaTeX Font Info:    Checking defaults for T1/cmr/m/n on input line 9.
LaTeX Font Info:    ... okay on input line 9.
LaTeX Font Info:    Checking defaults for OT1/cmr/m/n on input line 9.
LaTeX Font Info:    ... okay on input line 9.
LaTeX Font Info:    Checking defaults for OMS/cmsy/m/n on input line 9.
LaTeX Font Info:    ... okay on input line 9.
LaTeX Font Info:    Checking defaults for OMX/cmex/m/n on input line 9.
LaTeX Font Info:    ... okay on input line 9.
LaTeX Font Info:    Checking defaults for U/cmr/m/n on input line 9.
LaTeX Font Info:    ... okay on input line 9.
LaTeX Font Info:    Checking defaults for PD1/pdf/m/n on input line 9.
LaTeX Font Info:    ... okay on input line 9.
LaTeX Font Info:    Checking defaults for PU/pdf/m/n on input line 9.
LaTeX Font Info:    ... okay on input line 9.
\AtBeginShipoutBox=\box31
Package hyperref Info: Link coloring OFF on input line 9.
<<<<<<< HEAD
 (/usr/local/texlive/2015/texmf-dist/tex/latex/hyperref/nameref.sty
=======

(/usr/local/texlive/2014/texmf-dist/tex/latex/hyperref/nameref.sty
>>>>>>> origin/master
Package: nameref 2012/10/27 v2.43 Cross-referencing by name of section

(/usr/local/texlive/2014/texmf-dist/tex/generic/oberdiek/gettitlestring.sty
Package: gettitlestring 2010/12/03 v1.4 Cleanup title references (HO)
)
\c@section@level=\count120
)
LaTeX Info: Redefining \ref on input line 9.
LaTeX Info: Redefining \pageref on input line 9.
LaTeX Info: Redefining \nameref on input line 9.

(./report.out) (./report.out)
\@outlinefile=\write3
\openout3 = `report.out'.

Package caption Info: Begin \AtBeginDocument code.
Package caption Info: subfigure package is loaded.
Package caption Info: End \AtBeginDocument code.

(/usr/local/texlive/2014/texmf-dist/tex/generic/oberdiek/se-ascii-print.def
File: se-ascii-print.def 2011/12/02 v1.10 stringenc: Printable ASCII characters

)
[1

] (./report.toc)
\tf@toc=\write4
\openout4 = `report.toc'.

<<<<<<< HEAD
 [2] <1_1.png, id=85, 481.8pt x 481.8pt>
File: 1_1.png Graphic file (type png)
 <use 1_1.png>
Package pdftex.def Info: 1_1.png used on input line 27.
(pdftex.def)             Requested size: 276.00105pt x 276.01096pt.

<1_2.png, id=88, 481.8pt x 481.8pt>
File: 1_2.png Graphic file (type png)
 <use 1_2.png>
Package pdftex.def Info: 1_2.png used on input line 39.
(pdftex.def)             Requested size: 276.00105pt x 276.01096pt.
 [3 <./1_1.png>] [4 <./1_2.png>] <3_1.png, id=109, 481.8pt x 481.8pt>
File: 3_1.png Graphic file (type png)
 <use 3_1.png>
Package pdftex.def Info: 3_1.png used on input line 52.
(pdftex.def)             Requested size: 276.00105pt x 276.01096pt.

<3_2.png, id=110, 481.8pt x 481.8pt>
File: 3_2.png Graphic file (type png)
 <use 3_2.png>
Package pdftex.def Info: 3_2.png used on input line 72.
(pdftex.def)             Requested size: 137.9979pt x 137.99812pt.

Underfull \hbox (badness 10000) in paragraph at lines 72--72

 []

<3_4.png, id=111, 481.8pt x 481.8pt>
File: 3_4.png Graphic file (type png)
 <use 3_4.png>
Package pdftex.def Info: 3_4.png used on input line 72.
(pdftex.def)             Requested size: 137.9979pt x 137.99812pt.

Underfull \hbox (badness 10000) in paragraph at lines 72--72

 []

<3_6.png, id=112, 481.8pt x 481.8pt>
File: 3_6.png Graphic file (type png)
 <use 3_6.png>
Package pdftex.def Info: 3_6.png used on input line 72.
(pdftex.def)             Requested size: 137.9979pt x 137.99812pt.

<3_3.png, id=113, 481.8pt x 481.8pt>
File: 3_3.png Graphic file (type png)
 <use 3_3.png>
Package pdftex.def Info: 3_3.png used on input line 82.
(pdftex.def)             Requested size: 137.9979pt x 137.99812pt.

Underfull \hbox (badness 10000) in paragraph at lines 82--82
=======
 [2]
File: 3_1.png Graphic file (type QTm)
 <use  "3_1.png" >
File: 3_2.png Graphic file (type QTm)
 <use  "3_2.png" >
Underfull \hbox (badness 10000) in paragraph at lines 46--46

 []

File: 3_4.png Graphic file (type QTm)
<use  "3_4.png" >
Underfull \hbox (badness 10000) in paragraph at lines 46--46

 []

File: 3_6.png Graphic file (type QTm)
<use  "3_6.png" >
File: 3_3.png Graphic file (type QTm)
 <use  "3_3.png" >
Underfull \hbox (badness 10000) in paragraph at lines 56--56
>>>>>>> origin/master

 []


Underfull \hbox (badness 10000) in paragraph at lines 82--82
[]|\OT1/cmr/m/n/10 Com-mu-nity dis-tri-bu-tion for
 []

<<<<<<< HEAD
<3_5.png, id=114, 481.8pt x 481.8pt>
File: 3_5.png Graphic file (type png)
 <use 3_5.png>
Package pdftex.def Info: 3_5.png used on input line 82.
(pdftex.def)             Requested size: 137.9979pt x 137.99812pt.

Underfull \hbox (badness 10000) in paragraph at lines 82--82
=======
File: 3_5.png Graphic file (type QTm)
<use  "3_5.png" >
Underfull \hbox (badness 10000) in paragraph at lines 56--56
>>>>>>> origin/master

 []


Underfull \hbox (badness 10000) in paragraph at lines 82--82
[]|\OT1/cmr/m/n/10 Com-mu-nity dis-tri-bu-tion for
 []

<<<<<<< HEAD
<3_7.png, id=115, 481.8pt x 481.8pt>
File: 3_7.png Graphic file (type png)
 <use 3_7.png>
Package pdftex.def Info: 3_7.png used on input line 82.
(pdftex.def)             Requested size: 137.9979pt x 137.99812pt.

=======
File: 3_7.png Graphic file (type QTm)
<use  "3_7.png" >
>>>>>>> origin/master

LaTeX Warning: Float too large for page by 23.99437pt on input line 86.

Missing character: There is no ￼ in font cmr10!

Underfull \hbox (badness 10000) in paragraph at lines 47--105

 []

<<<<<<< HEAD
[5 <./3_1.png>] <p4_1.png, id=125, 481.8pt x 481.8pt>
File: p4_1.png Graphic file (type png)
 <use p4_1.png>
Package pdftex.def Info: p4_1.png used on input line 110.
(pdftex.def)             Requested size: 276.00105pt x 276.01096pt.

<p4_2_fgc.png, id=129, 481.8pt x 481.8pt>
File: p4_2_fgc.png Graphic file (type png)
 <use p4_2_fgc.png>
Package pdftex.def Info: p4_2_fgc.png used on input line 132.
(pdftex.def)             Requested size: 137.9979pt x 137.99812pt.

Underfull \hbox (badness 10000) in paragraph at lines 132--132

 []

<p4_2_ebc.png, id=130, 481.8pt x 481.8pt>
File: p4_2_ebc.png Graphic file (type png)
 <use p4_2_ebc.png>
Package pdftex.def Info: p4_2_ebc.png used on input line 132.
(pdftex.def)             Requested size: 137.9979pt x 137.99812pt.

Underfull \hbox (badness 10000) in paragraph at lines 132--132

 []

<p4_2_ifc.png, id=131, 481.8pt x 481.8pt>
File: p4_2_ifc.png Graphic file (type png)
 <use p4_2_ifc.png>
Package pdftex.def Info: p4_2_ifc.png used on input line 132.
(pdftex.def)             Requested size: 137.9979pt x 137.99812pt.

<density_compare_fgc.png, id=132, 481.8pt x 481.8pt>
File: density_compare_fgc.png Graphic file (type png)

<use density_compare_fgc.png>
Package pdftex.def Info: density_compare_fgc.png used on input line 142.
(pdftex.def)             Requested size: 137.9979pt x 137.99812pt.

Underfull \hbox (badness 10000) in paragraph at lines 142--142

 []

<density_compare_ebc.png, id=133, 481.8pt x 481.8pt>
File: density_compare_ebc.png Graphic file (type png)

<use density_compare_ebc.png>
Package pdftex.def Info: density_compare_ebc.png used on input line 142.
(pdftex.def)             Requested size: 137.9979pt x 137.99812pt.

Underfull \hbox (badness 10000) in paragraph at lines 142--142
=======
[3] [4]
File: p4_1.png Graphic file (type QTm)
 <use  "p4_1.png" >
File: p4_2_fgc.png Graphic file (type QTm)
 <use  "p4_2_fgc.png" >
Underfull \hbox (badness 10000) in paragraph at lines 106--106

 []

File: p4_2_ebc.png Graphic file (type QTm)
<use  "p4_2_ebc.png" >
Underfull \hbox (badness 10000) in paragraph at lines 106--106

 []

File: p4_2_ifc.png Graphic file (type QTm)
<use  "p4_2_ifc.png" >
File: density_compare_fgc.png Graphic file (type QTm)
 <use  "density_compare_fgc.png" >
Underfull \hbox (badness 10000) in paragraph at lines 116--116

 []

File: density_compare_ebc.png Graphic file (type QTm)
<use  "density_compare_ebc.png" >
Underfull \hbox (badness 10000) in paragraph at lines 116--116
>>>>>>> origin/master

 []


Underfull \hbox (badness 7186) in paragraph at lines 142--142
[]|\OT1/cmr/m/n/10 The com-par-i-son re-sults for
 []

<<<<<<< HEAD
<density_compare_ifc.png, id=134, 481.8pt x 481.8pt>
File: density_compare_ifc.png Graphic file (type png)

<use density_compare_ifc.png>
Package pdftex.def Info: density_compare_ifc.png used on input line 142.
(pdftex.def)             Requested size: 137.9979pt x 137.99812pt.

=======
File: density_compare_ifc.png Graphic file (type QTm)
<use  "density_compare_ifc.png" >
>>>>>>> origin/master

LaTeX Warning: Float too large for page by 23.99437pt on input line 145.


Underfull \hbox (badness 10000) in paragraph at lines 107--146

 []


Underfull \hbox (badness 10000) in paragraph at lines 107--146

 []

[6] [7 <./3_2.png> <./3_4.png> <./3_6.png> <./3_3.png> <./3_5.png> <./3_7.png>]
[8 <./p4_1.png>] [9] [10 <./p4_2_fgc.png> <./p4_2_ebc.png> <./p4_2_ifc.png> <./
density_compare_fgc.png> <./density_compare_ebc.png> <./density_compare_ifc.png
>] <5_1.png, id=179, 834.11626pt x 576.1525pt>
File: 5_1.png Graphic file (type png)
 <use 5_1.png>
Package pdftex.def Info: 5_1.png used on input line 174.
(pdftex.def)             Requested size: 137.9979pt x 95.316pt.

<5_2.png, id=180, 834.11626pt x 576.1525pt>
File: 5_2.png Graphic file (type png)
 <use 5_2.png>
Package pdftex.def Info: 5_2.png used on input line 182.
(pdftex.def)             Requested size: 137.9979pt x 95.316pt.

Underfull \hbox (badness 10000) in paragraph at lines 164--187

 []


Underfull \hbox (badness 10000) in paragraph at lines 164--187

 []

<5_3.png, id=182, 834.11626pt x 576.1525pt>
File: 5_3.png Graphic file (type png)
 <use 5_3.png>
Package pdftex.def Info: 5_3.png used on input line 197.
(pdftex.def)             Requested size: 137.9979pt x 95.316pt.

<5_4.png, id=183, 834.11626pt x 576.1525pt>
File: 5_4.png Graphic file (type png)
 <use 5_4.png>
Package pdftex.def Info: 5_4.png used on input line 205.
(pdftex.def)             Requested size: 137.9979pt x 95.316pt.
 [11 <./5_1.png> <./5_2.png> <./5_3.png> <./5_4.png>] <5_5.png, id=203, 834.116
26pt x 576.1525pt>
File: 5_5.png Graphic file (type png)

<use 5_5.png>
Package pdftex.def Info: 5_5.png used on input line 220.
(pdftex.def)             Requested size: 137.9979pt x 95.316pt.
 <5_6.png, id=204, 834.11626pt x 576.1525pt>
File: 5_6.png Graphic file (type png)
 <use 5_6.png>
Package pdftex.def Info: 5_6.png used on input line 228.
(pdftex.def)             Requested size: 137.9979pt x 95.316pt.

<5_7.png, id=205, 834.11626pt x 576.1525pt>
File: 5_7.png Graphic file (type png)
 <use 5_7.png>
Package pdftex.def Info: 5_7.png used on input line 236.
(pdftex.def)             Requested size: 137.9979pt x 95.316pt.

<5_8.png, id=206, 834.11626pt x 576.1525pt>
File: 5_8.png Graphic file (type png)
 <use 5_8.png>
Package pdftex.def Info: 5_8.png used on input line 248.
(pdftex.def)             Requested size: 137.9979pt x 95.316pt.

<5_9.png, id=207, 834.11626pt x 576.1525pt>
File: 5_9.png Graphic file (type png)
 <use 5_9.png>
Package pdftex.def Info: 5_9.png used on input line 256.
(pdftex.def)             Requested size: 137.9979pt x 95.316pt.

<5_10.png, id=208, 834.11626pt x 576.1525pt>
File: 5_10.png Graphic file (type png)
 <use 5_10.png>
Package pdftex.def Info: 5_10.png used on input line 264.
(pdftex.def)             Requested size: 137.9979pt x 95.316pt.
File: 5_5.png Graphic file (type png)
 <use 5_5.png>
Package pdftex.def Info: 5_5.png used on input line 276.
(pdftex.def)             Requested size: 137.9979pt x 95.316pt.
File: 5_6.png Graphic file (type png)

<use 5_6.png>
Package pdftex.def Info: 5_6.png used on input line 284.
(pdftex.def)             Requested size: 137.9979pt x 95.316pt.
File: 5_7.png Graphic file (type png)
 <use 5_7.png>
Package pdftex.def Info: 5_7.png used on input line 292.
(pdftex.def)             Requested size: 137.9979pt x 95.316pt.
 [12 <./5_5.png (PNG copy)> <./5_6.png (PNG copy)> <./5_7.png (PNG copy)>] [13 
<./5_8.png (PNG copy)> <./5_9.png (PNG copy)> <./5_10.png (PNG copy)>] [14]
Underfull \hbox (badness 10000) in paragraph at lines 297--303

 []

<<<<<<< HEAD

Underfull \hbox (badness 10000) in paragraph at lines 297--303
=======
[5] [6] [7]
Underfull \hbox (badness 10000) in paragraph at lines 160--161
>>>>>>> origin/master

 []


Underfull \hbox (badness 10000) in paragraph at lines 297--303

 []

[15]
Underfull \hbox (badness 10000) in paragraph at lines 326--327

 []

[16]
Underfull \hbox (badness 10000) in paragraph at lines 356--358

 []

<<<<<<< HEAD

Underfull \hbox (badness 10000) in paragraph at lines 356--358

 []

<7_1.png, id=246, 481.8pt x 481.8pt>
File: 7_1.png Graphic file (type png)
 <use 7_1.png>
Package pdftex.def Info: 7_1.png used on input line 370.
(pdftex.def)             Requested size: 137.9979pt x 137.99812pt.

Underfull \hbox (badness 10000) in paragraph at lines 370--370

 []

<7_2.png, id=247, 481.8pt x 481.8pt>
File: 7_2.png Graphic file (type png)
 <use 7_2.png>
Package pdftex.def Info: 7_2.png used on input line 370.
(pdftex.def)             Requested size: 137.9979pt x 137.99812pt.

Underfull \hbox (badness 10000) in paragraph at lines 370--370

 []

<7_3.png, id=248, 481.8pt x 481.8pt>
File: 7_3.png Graphic file (type png)
 <use 7_3.png>
Package pdftex.def Info: 7_3.png used on input line 378.
(pdftex.def)             Requested size: 137.9979pt x 137.99812pt.

Underfull \hbox (badness 10000) in paragraph at lines 378--378
=======
File: 7_1.png Graphic file (type QTm)
<use  "7_1.png" >
Underfull \hbox (badness 10000) in paragraph at lines 204--204

 []

File: 7_2.png Graphic file (type QTm)
<use  "7_2.png" >
Underfull \hbox (badness 10000) in paragraph at lines 204--204

 []

File: 7_3.png Graphic file (type QTm)
<use  "7_3.png" >
Underfull \hbox (badness 10000) in paragraph at lines 212--212
>>>>>>> origin/master

 []


Underfull \hbox (badness 10000) in paragraph at lines 378--378
[]|\OT1/cmr/m/n/10 com-mu-nity dis-tri-bu-tion for
 []

<<<<<<< HEAD
<7_4.png, id=249, 481.8pt x 481.8pt>
File: 7_4.png Graphic file (type png)
 <use 7_4.png>
Package pdftex.def Info: 7_4.png used on input line 378.
(pdftex.def)             Requested size: 137.9979pt x 137.99812pt.

Underfull \hbox (badness 10000) in paragraph at lines 378--378
=======
File: 7_4.png Graphic file (type QTm)
<use  "7_4.png" >
Underfull \hbox (badness 10000) in paragraph at lines 212--212
>>>>>>> origin/master

 []


Underfull \hbox (badness 10000) in paragraph at lines 386--396

 []

<<<<<<< HEAD
<7_5.png, id=252, 481.8pt x 481.8pt>
File: 7_5.png Graphic file (type png)
 <use 7_5.png>
Package pdftex.def Info: 7_5.png used on input line 399.
(pdftex.def)             Requested size: 276.00105pt x 276.01096pt.

<7_6.png, id=253, 481.8pt x 481.8pt>
File: 7_6.png Graphic file (type png)
 <use 7_6.png>
Package pdftex.def Info: 7_6.png used on input line 406.
(pdftex.def)             Requested size: 276.00105pt x 276.01096pt.
Package atveryend Info: Empty hook `BeforeClearDocument' on input line 411.
 [17] [18 <./7_1.png> <./7_2.png> <./7_3.png> <./7_4.png>] [19 <./7_5.png>] [20
 <./7_6.png>]
Package atveryend Info: Empty hook `AfterLastShipout' on input line 411.
 (./report.aux)
Package atveryend Info: Executing hook `AtVeryEndDocument' on input line 411.
Package atveryend Info: Executing hook `AtEndAfterFileList' on input line 411.
Package rerunfilecheck Info: File `report.out' has not changed.
(rerunfilecheck)             Checksum: BAB6E15BF4D1A0FA255A6A60A411947D;767.


LaTeX Warning: There were multiply-defined labels.

Package atveryend Info: Empty hook `AtVeryVeryEnd' on input line 411.
 ) 
Here is how much of TeX's memory you used:
 7823 strings out of 493089
 118174 string characters out of 6134842
 212934 words of memory out of 5000000
 11129 multiletter control sequences out of 15000+600000
 9023 words of font info for 33 fonts, out of 8000000 for 9000
 1141 hyphenation exceptions out of 8191
 53i,9n,92p,804b,454s stack positions out of 5000i,500n,10000p,200000b,80000s
</usr/local/texlive/2015/texmf-dist/fonts/type1/public/amsfonts/cm/cmbx10.pfb
></usr/local/texlive/2015/texmf-dist/fonts/type1/public/amsfonts/cm/cmbx12.pfb>
</usr/local/texlive/2015/texmf-dist/fonts/type1/public/amsfonts/cm/cmex10.pfb><
/usr/local/texlive/2015/texmf-dist/fonts/type1/public/amsfonts/cm/cmmi10.pfb></
usr/local/texlive/2015/texmf-dist/fonts/type1/public/amsfonts/cm/cmmi7.pfb></us
r/local/texlive/2015/texmf-dist/fonts/type1/public/amsfonts/cm/cmr10.pfb></usr/
local/texlive/2015/texmf-dist/fonts/type1/public/amsfonts/cm/cmr12.pfb></usr/lo
cal/texlive/2015/texmf-dist/fonts/type1/public/amsfonts/cm/cmr17.pfb></usr/loca
l/texlive/2015/texmf-dist/fonts/type1/public/amsfonts/cm/cmr7.pfb></usr/local/t
exlive/2015/texmf-dist/fonts/type1/public/amsfonts/cm/cmsy10.pfb></usr/local/te
xlive/2015/texmf-dist/fonts/type1/public/amsfonts/cm/cmsy7.pfb>
Output written on report.pdf (20 pages, 2048587 bytes).
PDF statistics:
 336 PDF objects out of 1000 (max. 8388607)
 242 compressed objects within 3 object streams
 71 named destinations out of 1000 (max. 500000)
 265 words of extra memory for PDF output out of 10000 (max. 10000000)

=======
File: 7_5.png Graphic file (type QTm)
<use  "7_5.png" >
File: 7_6.png Graphic file (type QTm)
 <use  "7_6.png" >
Package atveryend Info: Empty hook `BeforeClearDocument' on input line 245.
 [9] [10] [11] [12] [13]
Package atveryend Info: Empty hook `AfterLastShipout' on input line 245.
 (./report.aux)
Package atveryend Info: Empty hook `AtVeryEndDocument' on input line 245.
Package atveryend Info: Empty hook `AtEndAfterFileList' on input line 245.
Package atveryend Info: Empty hook `AtVeryVeryEnd' on input line 245.
 ) 
Here is how much of TeX's memory you used:
 10568 strings out of 493734
 152083 string characters out of 6146347
 230012 words of memory out of 5000000
 13804 multiletter control sequences out of 15000+600000
 9383 words of font info for 34 fonts, out of 8000000 for 9000
 1328 hyphenation exceptions out of 8191
 53i,9n,92p,733b,453s stack positions out of 5000i,500n,10000p,200000b,80000s

Output written on report.pdf (13 pages).
>>>>>>> origin/master
